<?xml version="1.0" encoding="UTF-8"?>
<testng-results ignored="0" total="2" passed="2" failed="0" skipped="0">
  <reporter-output>
    <line>
      <![CDATA[createCustomer]]>
    </line>
    <line>
      <![CDATA[Hello]]>
    </line>
    <line>
      <![CDATA[Bye]]>
    </line>
    <line>
      <![CDATA[Byeee]]>
    </line>
  </reporter-output>
  <suite started-at="2023-06-21T09:40:32 IST" name="Default suite" finished-at="2023-06-21T09:40:32 IST" duration-ms="52">
    <groups>
    </groups>
    <test started-at="2023-06-21T09:40:32 IST" name="Default test" finished-at="2023-06-21T09:40:32 IST" duration-ms="52">
      <class name="ppt.TestNG">
        <test-method signature="createCustomer()[pri:0, instance:ppt.TestNG@1534f01b]" started-at="2023-06-21T09:40:32 IST" name="createCustomer" finished-at="2023-06-21T09:40:32 IST" duration-ms="13" status="PASS">
          <reporter-output>
            <line>
              <![CDATA[createCustomer]]>
            </line>
          </reporter-output>
        </test-method> <!-- createCustomer -->
        <test-method signature="demo()[pri:0, instance:ppt.TestNG@1534f01b]" started-at="2023-06-21T09:40:32 IST" name="demo" finished-at="2023-06-21T09:40:32 IST" duration-ms="2" status="PASS">
          <reporter-output>
            <line>
              <![CDATA[Hello]]>
            </line>
            <line>
              <![CDATA[Bye]]>
            </line>
            <line>
              <![CDATA[Byeee]]>
            </line>
          </reporter-output>
        </test-method> <!-- demo -->
      </class> <!-- ppt.TestNG -->
    </test> <!-- Default test -->
  </suite> <!-- Default suite -->
</testng-results>
