<?xml version="1.0" encoding="UTF-8"?>
<!-- Generated by org.testng.reporters.JUnitXMLReporter -->
<testsuite ignored="0" hostname="LAPTOP-D1U2IHPC" failures="0" tests="4" name="Default test" time="61.412" errors="0" timestamp="2023-07-03T10:36:38 IST">
  <testcase classname="testng_basics.Working_With_Data_Provider" name="dataDemo" time="9.974"/>
  <testcase classname="testng_basics.Working_With_Data_Provider" name="dataDemo" time="8.817"/>
  <testcase classname="testng_basics.Working_With_Data_Provider" name="dataDemo" time="9.176"/>
  <testcase classname="testng_basics.Working_With_Data_Provider" name="dataDemo" time="33.393"/>
</testsuite> <!-- Default test -->
