<?xml version="1.0" encoding="UTF-8"?>
<!-- Generated by org.testng.reporters.JUnitXMLReporter -->
<testsuite ignored="2" hostname="LAPTOP-D1U2IHPC" failures="0" tests="3" name="Test" time="0.056" errors="0" timestamp="2023-07-03T10:31:22 IST">
  <testcase classname="testng_basics.Groups1" name="Vote" time="0.008"/>
  <testcase classname="testng_basics.Groups" name="Login" time="0.001"/>
  <testcase classname="testng_basics.Groups" name="Register" time="0.001"/>
  <testcase classname="testng_basics.Groups1" name="Subscribe" time="0.0">
    <ignored/>
  </testcase> <!-- Subscribe -->
  <testcase classname="testng_basics.Groups" name="SearchTest" time="0.0">
    <ignored/>
  </testcase> <!-- SearchTest -->
</testsuite> <!-- Test -->
