<?xml version="1.0" encoding="UTF-8"?>
<!-- Generated by org.testng.reporters.JUnitXMLReporter -->
<testsuite ignored="0" hostname="LAPTOP-D1U2IHPC" failures="0" tests="3" name="Test" time="24.01" errors="0" timestamp="2023-06-05T12:27:57 IST">
  <testcase classname="DataProvider.Register" name="dataDemo" time="8.138"/>
  <testcase classname="DataProvider.Login" name="login" time="7.837"/>
  <testcase classname="DataProvider.Myaccount" name="login" time="7.994"/>
</testsuite> <!-- Test -->
