<?xml version="1.0" encoding="UTF-8"?>
<!-- Generated by org.testng.reporters.JUnitXMLReporter -->
<testsuite ignored="0" hostname="LAPTOP-D1U2IHPC" failures="0" tests="8" name="Regression Test" time="21.143" errors="0" timestamp="2023-06-23T12:13:31 IST">
  <testcase classname="Testng_testcases.DWS_SearchTC" name="search" time="1.273"/>
  <testcase classname="Testng_testcases.DWS_Radio_Vote" name="Radio" time="1.432"/>
  <testcase classname="Testng_testcases.DWS_Register" name="dataDemo" time="4.773"/>
  <testcase classname="Testng_testcases.DWS_Login" name="Login" time="4.493"/>
  <testcase classname="Testng_testcases.DWS_Contact_Us" name="Contactus" time="5.39"/>
  <testcase classname="Testng_testcases.DWS_Subscribe" name="Subscribe" time="0.237"/>
  <testcase classname="Testng_testcases.DWS_Books" name="Books" time="5.693"/>
  <testcase classname="Testng_testcases.DWS_MyAccount" name="login" time="4.44"/>
</testsuite> <!-- Regression Test -->
