<?xml version="1.0" encoding="UTF-8"?>
<!-- Generated by org.testng.reporters.JUnitXMLReporter -->
<testsuite ignored="0" hostname="LAPTOP-D1U2IHPC" failures="0" tests="8" name="Regression Test" time="56.199" errors="0" timestamp="2023-06-05T12:43:47 IST">
  <testcase classname="Testng_testcases.DWS_Contact_Us" name="Contactus" time="4.326"/>
  <testcase classname="Testng_testcases.DWS_Login" name="Login" time="3.775"/>
  <testcase classname="Testng_testcases.DWS_Register" name="dataDemo" time="4.076"/>
  <testcase classname="Testng_testcases.DWS_SearchTC" name="search" time="0.935"/>
  <testcase classname="Testng_testcases.DWS_Radio_Vote" name="Radio" time="1.165"/>
  <testcase classname="Testng_testcases.DWS_Subscribe" name="Subscribe" time="0.159"/>
  <testcase classname="Testng_testcases.DWS_Books" name="Books" time="4.846"/>
  <testcase classname="Testng_testcases.DWS_MyAccount" name="login" time="4.048"/>
</testsuite> <!-- Regression Test -->
